[1010/090313.542:INFO:CONSOLE(123)] "Event handler of 'x-storagemutated-1' event must be added on the initial evaluation of worker script.", source: https://static.whatsapp.net/rsrc.php/v3/yt/r/EV4ZEGfxqG7.js (123)
[1010/090316.143:INFO:CONSOLE(0)] "Error with Permissions-Policy header: Feature xr-spatial-tracking's parameters are ignored.", source:  (0)
[1010/090316.143:INFO:CONSOLE(0)] "Error with Permissions-Policy header: Origin trial controlled feature not enabled: 'attribution-reporting'.", source:  (0)
[1010/090316.143:INFO:CONSOLE(0)] "Error with Permissions-Policy header: Unrecognized feature: 'compute-pressure'.", source:  (0)
[1010/090316.144:INFO:CONSOLE(0)] "Error with Permissions-Policy header: Origin trial controlled feature not enabled: 'interest-cohort'.", source:  (0)
[1010/090316.144:INFO:CONSOLE(0)] "Error with Permissions-Policy header: Unrecognized feature: 'private-state-token-issuance'.", source:  (0)
[1010/090316.144:INFO:CONSOLE(0)] "Error with Permissions-Policy header: Origin trial controlled feature not enabled: 'shared-storage'.", source:  (0)
[1010/090316.144:INFO:CONSOLE(0)] "Error with Permissions-Policy header: Unrecognized feature: 'shared-storage-select-url'.", source:  (0)
[1010/090316.144:INFO:CONSOLE(0)] "Error with Permissions-Policy header: Unrecognized feature: 'private-state-token-redemption'.", source:  (0)
[1010/090316.144:INFO:CONSOLE(0)] "Error with Permissions-Policy header: Unrecognized feature: 'unload'.", source:  (0)
[1010/090316.144:INFO:CONSOLE(0)] "Error with Permissions-Policy header: Unrecognized feature: 'window-management'.", source:  (0)
[1010/090334.506:INFO:CONSOLE(343)] "WAWebLoggerWorker initialized", source: https://static.whatsapp.net/rsrc.php/v3/yu/r/tHmilJJWooZ.js (343)
[1010/090334.515:INFO:CONSOLE(123)] "Event handler of 'x-storagemutated-1' event must be added on the initial evaluation of worker script.", source: https://static.whatsapp.net/rsrc.php/v3/y4/r/EGt5YzBK-gs.js (123)
[1010/090334.519:INFO:CONSOLE(343)] "[storage] start setSchemaVersions from fts worker interface", source: https://static.whatsapp.net/rsrc.php/v3/yu/r/tHmilJJWooZ.js (343)
[1010/090334.520:INFO:CONSOLE(343)] "[storage] set schema versions: [model-storage,159,fts-storage,8,jobs-storage,1,lru-media-storage-idb,2,offd-storage,4,qpl-storage,0,signal-storage,6,worker-storage,1,sw,2,wawc,14,wawc_db_enc,2]. is worker? true", source: https://static.whatsapp.net/rsrc.php/v3/yu/r/tHmilJJWooZ.js (343)
[1010/090418.389:INFO:CONSOLE(343)] "FTS:Delegate: start indexer", source: https://static.whatsapp.net/rsrc.php/v3/yu/r/tHmilJJWooZ.js (343)
[1010/090418.389:INFO:CONSOLE(343)] "FTS:Delegate: start perform init", source: https://static.whatsapp.net/rsrc.php/v3/yu/r/tHmilJJWooZ.js (343)
[1010/090418.389:INFO:CONSOLE(343)] "FTS:Delegate: schema versions ready", source: https://static.whatsapp.net/rsrc.php/v3/yu/r/tHmilJJWooZ.js (343)
[1010/090418.389:INFO:CONSOLE(343)] "FTS:Delegate: before db initialization", source: https://static.whatsapp.net/rsrc.php/v3/yu/r/tHmilJJWooZ.js (343)
[1010/090418.390:INFO:CONSOLE(343)] "[storage] applying schema versions from [0 to 8] for the database: 'fts-storage'", source: https://static.whatsapp.net/rsrc.php/v3/yu/r/tHmilJJWooZ.js (343)
[1010/090418.453:INFO:CONSOLE(343)] "[storage] applying schema versions from [0 to 159] for the database: 'model-storage'", source: https://static.whatsapp.net/rsrc.php/v3/yu/r/tHmilJJWooZ.js (343)
[1010/090425.904:INFO:CONSOLE(343)] "FTS:Delegate: after db initialization", source: https://static.whatsapp.net/rsrc.php/v3/yu/r/tHmilJJWooZ.js (343)
[1010/090425.910:INFO:CONSOLE(343)] "FTS:Manifest Writer: No changes made, current:['3.1', '1'], latest:['3.1', '1']", source: https://static.whatsapp.net/rsrc.php/v3/yu/r/tHmilJJWooZ.js (343)
[1010/090425.912:INFO:CONSOLE(343)] "FTS:Delegate: Inited", source: https://static.whatsapp.net/rsrc.php/v3/yu/r/tHmilJJWooZ.js (343)
[1010/090425.915:INFO:CONSOLE(343)] "FTS:Delegate: Init indexing ops", source: https://static.whatsapp.net/rsrc.php/v3/yu/r/tHmilJJWooZ.js (343)
[1010/090425.933:INFO:CONSOLE(343)] "FTS:Indexer:indexQueuedBatch: Starting new batch size : 1000", source: https://static.whatsapp.net/rsrc.php/v3/yu/r/tHmilJJWooZ.js (343)
[1010/090427.977:INFO:CONSOLE(343)] "FTS:Indexer:indexQueuedBatch: Completed batch", source: https://static.whatsapp.net/rsrc.php/v3/yu/r/tHmilJJWooZ.js (343)
[1010/090428.038:INFO:CONSOLE(343)] "FTS:Indexer:indexQueuedBatch: Completed", source: https://static.whatsapp.net/rsrc.php/v3/yu/r/tHmilJJWooZ.js (343)
[1010/090845.699:INFO:CONSOLE(123)] "Event handler of 'x-storagemutated-1' event must be added on the initial evaluation of worker script.", source: https://static.whatsapp.net/rsrc.php/v3/y4/r/EGt5YzBK-gs.js (123)
[1010/092056.736:INFO:CONSOLE(343)] "FTS:Indexer:indexQueuedBatch: Starting new batch size : 1000", source: https://static.whatsapp.net/rsrc.php/v3/yu/r/tHmilJJWooZ.js (343)
[1010/092056.746:INFO:CONSOLE(343)] "FTS:Indexer:indexQueuedBatch: Completed batch", source: https://static.whatsapp.net/rsrc.php/v3/yu/r/tHmilJJWooZ.js (343)
[1010/092056.750:INFO:CONSOLE(343)] "FTS:Indexer:indexQueuedBatch: Completed", source: https://static.whatsapp.net/rsrc.php/v3/yu/r/tHmilJJWooZ.js (343)
[1010/092117.598:INFO:CONSOLE(343)] "FTS:Indexer:indexQueuedBatch: Starting new batch size : 1000", source: https://static.whatsapp.net/rsrc.php/v3/yu/r/tHmilJJWooZ.js (343)
[1010/092117.606:INFO:CONSOLE(343)] "FTS:Indexer:indexQueuedBatch: Completed", source: https://static.whatsapp.net/rsrc.php/v3/yu/r/tHmilJJWooZ.js (343)
[1010/092118.213:INFO:CONSOLE(123)] "Event handler of 'x-storagemutated-1' event must be added on the initial evaluation of worker script.", source: https://static.whatsapp.net/rsrc.php/v3/y4/r/EGt5YzBK-gs.js (123)
[1010/092659.579:INFO:CONSOLE(343)] "FTS:Indexer:indexQueuedBatch: Starting new batch size : 1000", source: https://static.whatsapp.net/rsrc.php/v3/yu/r/tHmilJJWooZ.js (343)
[1010/092700.172:INFO:CONSOLE(123)] "Event handler of 'x-storagemutated-1' event must be added on the initial evaluation of worker script.", source: https://static.whatsapp.net/rsrc.php/v3/y4/r/EGt5YzBK-gs.js (123)
[1010/092700.618:INFO:CONSOLE(343)] "FTS:Indexer:indexQueuedBatch: Completed batch", source: https://static.whatsapp.net/rsrc.php/v3/yu/r/tHmilJJWooZ.js (343)
[1010/092700.622:INFO:CONSOLE(343)] "FTS:Indexer:indexQueuedBatch: Completed", source: https://static.whatsapp.net/rsrc.php/v3/yu/r/tHmilJJWooZ.js (343)
[1010/093056.734:INFO:CONSOLE(343)] "FTS:Indexer:indexQueuedBatch: Starting new batch size : 1000", source: https://static.whatsapp.net/rsrc.php/v3/yu/r/tHmilJJWooZ.js (343)
[1010/093056.746:INFO:CONSOLE(343)] "FTS:Indexer:indexQueuedBatch: Completed", source: https://static.whatsapp.net/rsrc.php/v3/yu/r/tHmilJJWooZ.js (343)
[1010/093057.442:INFO:CONSOLE(123)] "Event handler of 'x-storagemutated-1' event must be added on the initial evaluation of worker script.", source: https://static.whatsapp.net/rsrc.php/v3/y4/r/EGt5YzBK-gs.js (123)
[1010/093651.595:INFO:CONSOLE(343)] "FTS:Indexer:indexQueuedBatch: Starting new batch size : 1000", source: https://static.whatsapp.net/rsrc.php/v3/yu/r/tHmilJJWooZ.js (343)
[1010/093651.603:INFO:CONSOLE(343)] "FTS:Indexer:indexQueuedBatch: Completed", source: https://static.whatsapp.net/rsrc.php/v3/yu/r/tHmilJJWooZ.js (343)
[1010/093735.917:INFO:CONSOLE(343)] "FTS:Indexer:indexQueuedBatch: Starting new batch size : 1000", source: https://static.whatsapp.net/rsrc.php/v3/yu/r/tHmilJJWooZ.js (343)
[1010/093735.924:INFO:CONSOLE(343)] "FTS:Indexer:indexQueuedBatch: Completed", source: https://static.whatsapp.net/rsrc.php/v3/yu/r/tHmilJJWooZ.js (343)
[1010/093818.412:INFO:CONSOLE(343)] "FTS:Indexer:indexQueuedBatch: Starting new batch size : 1000", source: https://static.whatsapp.net/rsrc.php/v3/yu/r/tHmilJJWooZ.js (343)
[1010/093818.422:INFO:CONSOLE(343)] "FTS:Indexer:indexQueuedBatch: Completed", source: https://static.whatsapp.net/rsrc.php/v3/yu/r/tHmilJJWooZ.js (343)
[1010/093831.814:INFO:CONSOLE(343)] "FTS:Indexer:indexQueuedBatch: Starting new batch size : 1000", source: https://static.whatsapp.net/rsrc.php/v3/yu/r/tHmilJJWooZ.js (343)
[1010/093831.953:INFO:CONSOLE(343)] "FTS:Indexer:indexQueuedBatch: Completed batch", source: https://static.whatsapp.net/rsrc.php/v3/yu/r/tHmilJJWooZ.js (343)
[1010/093831.954:INFO:CONSOLE(343)] "FTS:Indexer:indexQueuedBatch: Completed", source: https://static.whatsapp.net/rsrc.php/v3/yu/r/tHmilJJWooZ.js (343)
[1010/101001.254:INFO:CONSOLE(343)] "FTS:Indexer:indexQueuedBatch: Starting new batch size : 1000", source: https://static.whatsapp.net/rsrc.php/v3/yu/r/tHmilJJWooZ.js (343)
[1010/101001.292:INFO:CONSOLE(343)] "FTS:Indexer:indexQueuedBatch: Completed", source: https://static.whatsapp.net/rsrc.php/v3/yu/r/tHmilJJWooZ.js (343)
[1010/101003.498:INFO:CONSOLE(123)] "Event handler of 'x-storagemutated-1' event must be added on the initial evaluation of worker script.", source: https://static.whatsapp.net/rsrc.php/v3/y4/r/EGt5YzBK-gs.js (123)
[1010/101937.511:INFO:CONSOLE(123)] "Event handler of 'x-storagemutated-1' event must be added on the initial evaluation of worker script.", source: https://static.whatsapp.net/rsrc.php/v3/y4/r/EGt5YzBK-gs.js (123)
